<?xml version="1.0" encoding="UTF-8"?>
<!-- Generated by org.testng.reporters.JUnitXMLReporter -->
<testsuite hostname="DESKTOP-57DPU0C" ignored="0" name="parallel" tests="5" failures="1" timestamp="14 Apr 2020 19:39:54 GMT" time="171.368" errors="0">
  <testcase name="addContacts" time="4.988" classname="testScripts.contacts"/>
  <testcase name="createDeal" time="7.171" classname="testScripts.dealPage"/>
  <testcase name="titletest" time="0.017" classname="testScripts.titleTest"/>
  <testcase name="links" time="2.021" classname="testScripts.titleTest"/>
  <testcase name="createTasksPage" time="66.984" classname="testScripts.tasksPage">
    <failure type="java.lang.NullPointerException">
      <![CDATA[java.lang.NullPointerException
	at testScripts.tasksPage.createTasksPage(tasksPage.java:78)
	at java.util.concurrent.ThreadPoolExecutor.runWorker(ThreadPoolExecutor.java:1149)
	at java.util.concurrent.ThreadPoolExecutor$Worker.run(ThreadPoolExecutor.java:624)
	at java.lang.Thread.run(Thread.java:748)
... Removed 10 stack frames]]>
    </failure>
  </testcase> <!-- createTasksPage -->
</testsuite> <!-- parallel -->
