<?xml version="1.0" encoding="UTF-8"?>
<!-- Generated by org.testng.reporters.JUnitXMLReporter -->
<testsuite hostname="DESKTOP-57DPU0C" ignored="0" name="Test" tests="5" failures="1" timestamp="14 Apr 2020 18:24:55 GMT" time="367.784" errors="0">
  <testcase name="@BeforeMethod setup" time="97.648" classname="testScripts.titleTest">
    <failure type="java.lang.NullPointerException">
      <![CDATA[java.lang.NullPointerException
	at testScripts.titleTest.setup(titleTest.java:34)
	at java.util.concurrent.FutureTask.run(FutureTask.java:266)
	at java.util.concurrent.ThreadPoolExecutor.runWorker(ThreadPoolExecutor.java:1149)
	at java.util.concurrent.ThreadPoolExecutor$Worker.run(ThreadPoolExecutor.java:624)
	at java.lang.Thread.run(Thread.java:748)
... Removed 18 stack frames]]>
    </failure>
  </testcase> <!-- @BeforeMethod setup -->
  <testcase name="addContacts" time="3.972" classname="testScripts.contacts"/>
  <testcase name="createDeal" time="4.217" classname="testScripts.dealPage"/>
  <testcase name="createTasksPage" time="58.489" classname="testScripts.tasksPage">
    <failure type="java.lang.NullPointerException">
      <![CDATA[java.lang.NullPointerException
	at testScripts.tasksPage.createTasksPage(tasksPage.java:78)
	at java.util.concurrent.FutureTask.run(FutureTask.java:266)
	at java.util.concurrent.ThreadPoolExecutor.runWorker(ThreadPoolExecutor.java:1149)
	at java.util.concurrent.ThreadPoolExecutor$Worker.run(ThreadPoolExecutor.java:624)
	at java.lang.Thread.run(Thread.java:748)
... Removed 16 stack frames]]>
    </failure>
  </testcase> <!-- createTasksPage -->
  <testcase name="titletest" time="0.033" classname="testScripts.titleTest"/>
  <testcase name="links" time="0.204" classname="testScripts.titleTest">
    <skipped/>
  </testcase> <!-- links -->
</testsuite> <!-- Test -->
