-------------------------------------------------------------------------------
Test set: TestSuite
-------------------------------------------------------------------------------
Tests run: 5, Failures: 1, Errors: 0, Skipped: 0, Time elapsed: 174.557 sec <<< FAILURE! - in TestSuite
createTasksPage(testScripts.tasksPage)  Time elapsed: 12.822 sec  <<< FAILURE!
java.lang.NullPointerException: null
	at testScripts.tasksPage.createTasksPage(tasksPage.java:78)

