<?xml version="1.0" encoding="UTF-8"?>
<testng-results skipped="1" failed="1" ignored="0" total="5" passed="3">
  <reporter-output>
  </reporter-output>
  <suite name="Suite" duration-ms="367784" started-at="2020-04-14T18:18:45Z" finished-at="2020-04-14T18:24:53Z">
    <groups>
    </groups>
    <test name="Test" duration-ms="367784" started-at="2020-04-14T18:18:45Z" finished-at="2020-04-14T18:24:53Z">
      <class name="testScripts.dealPage">
        <test-method status="PASS" signature="setup()[pri:0, instance:testScripts.dealPage@17c386de]" name="setup" is-config="true" duration-ms="39507" started-at="2020-04-14T23:49:37Z" finished-at="2020-04-14T23:50:16Z">
          <reporter-output>
          </reporter-output>
        </test-method> <!-- setup -->
        <test-method status="PASS" signature="createDeal()[pri:0, instance:testScripts.dealPage@17c386de]" name="createDeal" duration-ms="4217" started-at="2020-04-14T23:50:16Z" finished-at="2020-04-14T23:50:20Z">
          <reporter-output>
          </reporter-output>
        </test-method> <!-- createDeal -->
        <test-method status="PASS" signature="teardown()[pri:0, instance:testScripts.dealPage@17c386de]" name="teardown" is-config="true" duration-ms="1274" started-at="2020-04-14T23:50:20Z" finished-at="2020-04-14T23:50:22Z">
          <reporter-output>
          </reporter-output>
        </test-method> <!-- teardown -->
      </class> <!-- testScripts.dealPage -->
      <class name="testScripts.titleTest">
        <test-method status="PASS" signature="setup()[pri:0, instance:testScripts.titleTest@5ef60048]" name="setup" is-config="true" duration-ms="65961" started-at="2020-04-14T23:52:07Z" finished-at="2020-04-14T23:53:13Z">
          <reporter-output>
          </reporter-output>
        </test-method> <!-- setup -->
        <test-method status="PASS" signature="titletest()[pri:0, instance:testScripts.titleTest@5ef60048]" name="titletest" duration-ms="33" started-at="2020-04-14T23:53:13Z" finished-at="2020-04-14T23:53:13Z">
          <reporter-output>
          </reporter-output>
        </test-method> <!-- titletest -->
        <test-method status="PASS" signature="teardown()[pri:0, instance:testScripts.titleTest@5ef60048]" name="teardown" is-config="true" duration-ms="1465" started-at="2020-04-14T23:53:13Z" finished-at="2020-04-14T23:53:15Z">
          <reporter-output>
          </reporter-output>
        </test-method> <!-- teardown -->
        <test-method status="FAIL" signature="setup()[pri:0, instance:testScripts.titleTest@5ef60048]" name="setup" is-config="true" duration-ms="97648" started-at="2020-04-14T23:53:15Z" finished-at="2020-04-14T23:54:52Z">
          <exception class="java.lang.NullPointerException">
            <full-stacktrace>
              <![CDATA[java.lang.NullPointerException
	at testScripts.titleTest.setup(titleTest.java:34)
	at sun.reflect.NativeMethodAccessorImpl.invoke0(Native Method)
	at sun.reflect.NativeMethodAccessorImpl.invoke(NativeMethodAccessorImpl.java:62)
	at sun.reflect.DelegatingMethodAccessorImpl.invoke(DelegatingMethodAccessorImpl.java:43)
	at java.lang.reflect.Method.invoke(Method.java:498)
	at org.testng.internal.MethodInvocationHelper.invokeMethod(MethodInvocationHelper.java:108)
	at org.testng.internal.Invoker.invokeConfigurationMethod(Invoker.java:523)
	at org.testng.internal.Invoker.invokeConfigurations(Invoker.java:224)
	at org.testng.internal.Invoker.invokeMethod(Invoker.java:599)
	at org.testng.internal.Invoker.invokeTestMethod(Invoker.java:869)
	at org.testng.internal.Invoker.invokeTestMethods(Invoker.java:1193)
	at org.testng.internal.TestMethodWorker.invokeTestMethods(TestMethodWorker.java:126)
	at org.testng.internal.TestMethodWorker.run(TestMethodWorker.java:109)
	at org.testng.TestRunner.privateRun(TestRunner.java:744)
	at org.testng.TestRunner.run(TestRunner.java:602)
	at org.testng.SuiteRunner.runTest(SuiteRunner.java:380)
	at org.testng.SuiteRunner.access$000(SuiteRunner.java:39)
	at org.testng.SuiteRunner$SuiteWorker.run(SuiteRunner.java:414)
	at org.testng.internal.thread.ThreadUtil$1.call(ThreadUtil.java:52)
	at java.util.concurrent.FutureTask.run(FutureTask.java:266)
	at java.util.concurrent.ThreadPoolExecutor.runWorker(ThreadPoolExecutor.java:1149)
	at java.util.concurrent.ThreadPoolExecutor$Worker.run(ThreadPoolExecutor.java:624)
	at java.lang.Thread.run(Thread.java:748)
]]>
            </full-stacktrace>
          </exception> <!-- java.lang.NullPointerException -->
          <reporter-output>
          </reporter-output>
        </test-method> <!-- setup -->
        <test-method status="SKIP" signature="links()[pri:1, instance:testScripts.titleTest@5ef60048]" name="links" duration-ms="204" started-at="2020-04-14T23:54:53Z" finished-at="2020-04-14T23:54:53Z">
          <exception class="java.lang.NullPointerException">
            <full-stacktrace>
              <![CDATA[java.lang.NullPointerException
	at testScripts.titleTest.setup(titleTest.java:34)
	at sun.reflect.NativeMethodAccessorImpl.invoke0(Native Method)
	at sun.reflect.NativeMethodAccessorImpl.invoke(NativeMethodAccessorImpl.java:62)
	at sun.reflect.DelegatingMethodAccessorImpl.invoke(DelegatingMethodAccessorImpl.java:43)
	at java.lang.reflect.Method.invoke(Method.java:498)
	at org.testng.internal.MethodInvocationHelper.invokeMethod(MethodInvocationHelper.java:108)
	at org.testng.internal.Invoker.invokeConfigurationMethod(Invoker.java:523)
	at org.testng.internal.Invoker.invokeConfigurations(Invoker.java:224)
	at org.testng.internal.Invoker.invokeMethod(Invoker.java:599)
	at org.testng.internal.Invoker.invokeTestMethod(Invoker.java:869)
	at org.testng.internal.Invoker.invokeTestMethods(Invoker.java:1193)
	at org.testng.internal.TestMethodWorker.invokeTestMethods(TestMethodWorker.java:126)
	at org.testng.internal.TestMethodWorker.run(TestMethodWorker.java:109)
	at org.testng.TestRunner.privateRun(TestRunner.java:744)
	at org.testng.TestRunner.run(TestRunner.java:602)
	at org.testng.SuiteRunner.runTest(SuiteRunner.java:380)
	at org.testng.SuiteRunner.access$000(SuiteRunner.java:39)
	at org.testng.SuiteRunner$SuiteWorker.run(SuiteRunner.java:414)
	at org.testng.internal.thread.ThreadUtil$1.call(ThreadUtil.java:52)
	at java.util.concurrent.FutureTask.run(FutureTask.java:266)
	at java.util.concurrent.ThreadPoolExecutor.runWorker(ThreadPoolExecutor.java:1149)
	at java.util.concurrent.ThreadPoolExecutor$Worker.run(ThreadPoolExecutor.java:624)
	at java.lang.Thread.run(Thread.java:748)
]]>
            </full-stacktrace>
          </exception> <!-- java.lang.NullPointerException -->
          <reporter-output>
          </reporter-output>
        </test-method> <!-- links -->
      </class> <!-- testScripts.titleTest -->
      <class name="testScripts.tasksPage">
        <test-method status="PASS" signature="setup()[pri:0, instance:testScripts.tasksPage@5af97850]" name="setup" is-config="true" duration-ms="46008" started-at="2020-04-14T23:50:22Z" finished-at="2020-04-14T23:51:08Z">
          <reporter-output>
          </reporter-output>
        </test-method> <!-- setup -->
        <test-method status="FAIL" signature="createTasksPage()[pri:0, instance:testScripts.tasksPage@5af97850]" name="createTasksPage" duration-ms="58489" started-at="2020-04-14T23:51:08Z" finished-at="2020-04-14T23:52:06Z">
          <exception class="java.lang.NullPointerException">
            <full-stacktrace>
              <![CDATA[java.lang.NullPointerException
	at testScripts.tasksPage.createTasksPage(tasksPage.java:78)
	at sun.reflect.NativeMethodAccessorImpl.invoke0(Native Method)
	at sun.reflect.NativeMethodAccessorImpl.invoke(NativeMethodAccessorImpl.java:62)
	at sun.reflect.DelegatingMethodAccessorImpl.invoke(DelegatingMethodAccessorImpl.java:43)
	at java.lang.reflect.Method.invoke(Method.java:498)
	at org.testng.internal.MethodInvocationHelper.invokeMethod(MethodInvocationHelper.java:108)
	at org.testng.internal.Invoker.invokeMethod(Invoker.java:661)
	at org.testng.internal.Invoker.invokeTestMethod(Invoker.java:869)
	at org.testng.internal.Invoker.invokeTestMethods(Invoker.java:1193)
	at org.testng.internal.TestMethodWorker.invokeTestMethods(TestMethodWorker.java:126)
	at org.testng.internal.TestMethodWorker.run(TestMethodWorker.java:109)
	at org.testng.TestRunner.privateRun(TestRunner.java:744)
	at org.testng.TestRunner.run(TestRunner.java:602)
	at org.testng.SuiteRunner.runTest(SuiteRunner.java:380)
	at org.testng.SuiteRunner.access$000(SuiteRunner.java:39)
	at org.testng.SuiteRunner$SuiteWorker.run(SuiteRunner.java:414)
	at org.testng.internal.thread.ThreadUtil$1.call(ThreadUtil.java:52)
	at java.util.concurrent.FutureTask.run(FutureTask.java:266)
	at java.util.concurrent.ThreadPoolExecutor.runWorker(ThreadPoolExecutor.java:1149)
	at java.util.concurrent.ThreadPoolExecutor$Worker.run(ThreadPoolExecutor.java:624)
	at java.lang.Thread.run(Thread.java:748)
]]>
            </full-stacktrace>
          </exception> <!-- java.lang.NullPointerException -->
          <reporter-output>
          </reporter-output>
        </test-method> <!-- createTasksPage -->
        <test-method status="PASS" signature="teardown()[pri:0, instance:testScripts.tasksPage@5af97850]" name="teardown" is-config="true" duration-ms="898" started-at="2020-04-14T23:52:06Z" finished-at="2020-04-14T23:52:07Z">
          <reporter-output>
          </reporter-output>
        </test-method> <!-- teardown -->
      </class> <!-- testScripts.tasksPage -->
      <class name="testScripts.contacts">
        <test-method status="PASS" signature="setup()[pri:0, instance:testScripts.contacts@5762806e]" name="setup" is-config="true" duration-ms="45839" started-at="2020-04-14T23:48:45Z" finished-at="2020-04-14T23:49:31Z">
          <reporter-output>
          </reporter-output>
        </test-method> <!-- setup -->
        <test-method status="PASS" signature="addContacts()[pri:0, instance:testScripts.contacts@5762806e]" name="addContacts" duration-ms="3972" started-at="2020-04-14T23:49:31Z" finished-at="2020-04-14T23:49:35Z">
          <reporter-output>
          </reporter-output>
        </test-method> <!-- addContacts -->
        <test-method status="PASS" signature="teardown()[pri:0, instance:testScripts.contacts@5762806e]" name="teardown" is-config="true" duration-ms="1443" started-at="2020-04-14T23:49:35Z" finished-at="2020-04-14T23:49:37Z">
          <reporter-output>
          </reporter-output>
        </test-method> <!-- teardown -->
      </class> <!-- testScripts.contacts -->
    </test> <!-- Test -->
  </suite> <!-- Suite -->
</testng-results>
